Using pre-set license
Built from '2020.2/release' branch; Version is '2020.2.2f1 (068178b99f32) revision 426360'; Using compiler version '192528614'; Build Type 'Release'
OS: 'Windows 10 Home; OS build 19042.985; Version 2009; 64bit' Language: 'en' Physical Memory: 16303 MB
BatchMode: 1, IsHumanControllingUs: 0, StartBugReporterOnCrash: 0, Is64bit: 1, IsPro: 0

 COMMAND LINE ARGUMENTS:
C:\Program Files\Unity\Hub\Editor\2020.2.2f1\Editor\Unity.exe
-adb2
-batchMode
-noUpm
-name
AssetImportWorker1
-projectPath
C:/Users/icek0/Documents/GitHub/Comp2007Repo/Comp2007Repo/2007 - CW Street Scene
-logFile
Logs/AssetImportWorker1.log
-srvPort
62937
Successfully changed project path to: C:/Users/icek0/Documents/GitHub/Comp2007Repo/Comp2007Repo/2007 - CW Street Scene
C:/Users/icek0/Documents/GitHub/Comp2007Repo/Comp2007Repo/2007 - CW Street Scene
Using Asset Import Pipeline V2.
Refreshing native plugins compatible for Editor in 20.42 ms, found 0 plugins.
Preloading 0 native plugins for Editor in 0.00 ms.
Initialize engine version: 2020.2.2f1 (068178b99f32)
[Subsystems] Discovering subsystems at path C:/Program Files/Unity/Hub/Editor/2020.2.2f1/Editor/Data/Resources/UnitySubsystems
[Subsystems] Discovering subsystems at path C:/Users/icek0/Documents/GitHub/Comp2007Repo/Comp2007Repo/2007 - CW Street Scene/Assets
GfxDevice: creating device client; threaded=0
Direct3D:
    Version:  Direct3D 11.0 [level 11.1]
    Renderer: NVIDIA GeForce RTX 3070 (ID=0x2484)
    Vendor:   
    VRAM:     8043 MB
    Driver:   27.21.14.6627
Initialize mono
Mono path[0] = 'C:/Program Files/Unity/Hub/Editor/2020.2.2f1/Editor/Data/Managed'
Mono path[1] = 'C:/Program Files/Unity/Hub/Editor/2020.2.2f1/Editor/Data/MonoBleedingEdge/lib/mono/unityjit'
Mono config path = 'C:/Program Files/Unity/Hub/Editor/2020.2.2f1/Editor/Data/MonoBleedingEdge/etc'
Using monoOptions --debugger-agent=transport=dt_socket,embedding=1,server=y,suspend=n,address=127.0.0.1:56232
Begin MonoManager ReloadAssembly
Registering precompiled unity dll's ...
Register platform support module: C:/Program Files/Unity/Hub/Editor/2020.2.2f1/Editor/Data/PlaybackEngines/WindowsStandaloneSupport/UnityEditor.WindowsStandalone.Extensions.dll
Registered in 0.001372 seconds.
Native extension for WindowsStandalone target not found
Refreshing native plugins compatible for Editor in 19.40 ms, found 0 plugins.
Preloading 0 native plugins for Editor in 0.00 ms.
Invoked RoslynAnalysisRunner static constructor.
RoslynAnalysisRunner will not be running.
RoslynAnalysisRunner has terminated.
Mono: successfully reloaded assembly
- Completed reload, in  0.858 seconds
Platform modules already initialized, skipping
Registering precompiled user dll's ...
Registered in 0.000543 seconds.
Begin MonoManager ReloadAssembly
Native extension for WindowsStandalone target not found
Refreshing native plugins compatible for Editor in 0.19 ms, found 0 plugins.
Preloading 0 native plugins for Editor in 0.00 ms.
Invoked RoslynAnalysisRunner static constructor.
RoslynAnalysisRunner will not be running.
RoslynAnalysisRunner has terminated.
Mono: successfully reloaded assembly
- Completed reload, in  0.622 seconds
Platform modules already initialized, skipping
========================================================================
Worker process is ready to serve import requests
Launched and connected shader compiler UnityShaderCompiler.exe after 0.03 seconds
Refreshing native plugins compatible for Editor in 0.19 ms, found 0 plugins.
Preloading 0 native plugins for Editor in 0.00 ms.
Unloading 1161 Unused Serialized files (Serialized files now loaded: 0)
System memory in use before: 145.0 MB.
System memory in use after: 145.1 MB.

Unloading 10 unused Assets to reduce memory usage. Loaded Objects now: 1626.
Total: 1.329200 ms (FindLiveObjects: 0.123300 ms CreateObjectMapping: 0.032500 ms MarkObjects: 1.080500 ms  DeleteObjects: 0.092200 ms)

========================================================================
Received Import Request.
  path: Assets/Music/MusicMixer.mixer
  artifactKey: Guid(076bf72f4f731dd409f7763cd5719268) Importer(815301076,1909f56bfc062723c751e8b465ee728b)
Start importing Assets/Music/MusicMixer.mixer using Guid(076bf72f4f731dd409f7763cd5719268) Importer(815301076,1909f56bfc062723c751e8b465ee728b)  -> (artifact id: '6fafc6167c9fcd8e4cfaa75028317bfb') in 0.025995 seconds
  Import took 0.027513 seconds .

========================================================================
Received Prepare
Registering precompiled user dll's ...
Registered in 0.000457 seconds.
Begin MonoManager ReloadAssembly
Native extension for WindowsStandalone target not found
Refreshing native plugins compatible for Editor in 0.19 ms, found 0 plugins.
Preloading 0 native plugins for Editor in 0.00 ms.
Invoked RoslynAnalysisRunner static constructor.
RoslynAnalysisRunner will not be running.
RoslynAnalysisRunner has terminated.
Mono: successfully reloaded assembly
- Completed reload, in  0.582 seconds
Platform modules already initialized, skipping
Refreshing native plugins compatible for Editor in 0.19 ms, found 0 plugins.
Preloading 0 native plugins for Editor in 0.00 ms.
Unloading 1143 Unused Serialized files (Serialized files now loaded: 0)
System memory in use before: 144.1 MB.
System memory in use after: 144.2 MB.

Unloading 5 unused Assets to reduce memory usage. Loaded Objects now: 1628.
Total: 1.287000 ms (FindLiveObjects: 0.138200 ms CreateObjectMapping: 0.032000 ms MarkObjects: 1.054500 ms  DeleteObjects: 0.061500 ms)

========================================================================
Received Prepare
Registering precompiled user dll's ...
Registered in 0.000498 seconds.
Begin MonoManager ReloadAssembly
Native extension for WindowsStandalone target not found
Refreshing native plugins compatible for Editor in 0.19 ms, found 0 plugins.
Preloading 0 native plugins for Editor in 0.00 ms.
Invoked RoslynAnalysisRunner static constructor.
RoslynAnalysisRunner will not be running.
RoslynAnalysisRunner has terminated.
Mono: successfully reloaded assembly
- Completed reload, in  0.588 seconds
Platform modules already initialized, skipping
Refreshing native plugins compatible for Editor in 0.19 ms, found 0 plugins.
Preloading 0 native plugins for Editor in 0.00 ms.
Unloading 1143 Unused Serialized files (Serialized files now loaded: 0)
System memory in use before: 145.1 MB.
System memory in use after: 145.2 MB.

Unloading 5 unused Assets to reduce memory usage. Loaded Objects now: 1630.
Total: 1.426500 ms (FindLiveObjects: 0.155200 ms CreateObjectMapping: 0.042900 ms MarkObjects: 1.158800 ms  DeleteObjects: 0.068600 ms)

========================================================================
Received Import Request.
  Time since last request: 354.496281 seconds.
  path: Assets/UIAssets/particles/CoinSparkles.prefab
  artifactKey: Guid(c8b8c831db1e40d4ebe71a9e32a65f8a) Importer(815301076,1909f56bfc062723c751e8b465ee728b)
Start importing Assets/UIAssets/particles/CoinSparkles.prefab using Guid(c8b8c831db1e40d4ebe71a9e32a65f8a) Importer(815301076,1909f56bfc062723c751e8b465ee728b)  -> (artifact id: '64ed20931f94c70f6e71974f5d1a1de0') in 0.025466 seconds
  Import took 0.027359 seconds .

========================================================================
Received Import Request.
  Time since last request: 0.015556 seconds.
  path: Assets/UIAssets/particles/CoinSparkles.prefab
  artifactKey: Guid(c8b8c831db1e40d4ebe71a9e32a65f8a) Importer(815301076,1909f56bfc062723c751e8b465ee728b)
Start importing Assets/UIAssets/particles/CoinSparkles.prefab using Guid(c8b8c831db1e40d4ebe71a9e32a65f8a) Importer(815301076,1909f56bfc062723c751e8b465ee728b)  -> (artifact id: '64ed20931f94c70f6e71974f5d1a1de0') in 0.004582 seconds
  Import took 0.006422 seconds .

========================================================================
Received Import Request.
  Time since last request: 186.920784 seconds.
  path: Assets/TextMesh Pro/Sprites/EmojiOne.png
  artifactKey: Guid(dffef66376be4fa480fb02b19edbe903) Importer(815301076,1909f56bfc062723c751e8b465ee728b)
Start importing Assets/TextMesh Pro/Sprites/EmojiOne.png using Guid(dffef66376be4fa480fb02b19edbe903) Importer(815301076,1909f56bfc062723c751e8b465ee728b)  -> (artifact id: '9ffc4cc9fc7a2859bcd65a86259c5c1d') in 0.056402 seconds
  Import took 0.058283 seconds .

========================================================================
Received Import Request.
  Time since last request: 0.000402 seconds.
  path: Assets/TextMesh Pro/Sprites/EmojiOne.png
  artifactKey: Guid(dffef66376be4fa480fb02b19edbe903) Importer(815301076,1909f56bfc062723c751e8b465ee728b)
Start importing Assets/TextMesh Pro/Sprites/EmojiOne.png using Guid(dffef66376be4fa480fb02b19edbe903) Importer(815301076,1909f56bfc062723c751e8b465ee728b)  -> (artifact id: '9ffc4cc9fc7a2859bcd65a86259c5c1d') in 0.008912 seconds
  Import took 0.010523 seconds .

========================================================================
Received Import Request.
  Time since last request: 25.288797 seconds.
  path: Assets/UIAssets/particles/CoinSparkles.prefab
  artifactKey: Guid(c8b8c831db1e40d4ebe71a9e32a65f8a) Importer(815301076,1909f56bfc062723c751e8b465ee728b)
Start importing Assets/UIAssets/particles/CoinSparkles.prefab using Guid(c8b8c831db1e40d4ebe71a9e32a65f8a) Importer(815301076,1909f56bfc062723c751e8b465ee728b)  -> (artifact id: '99498377804c62c79910084d11da595b') in 0.002960 seconds
  Import took 0.004583 seconds .

========================================================================
Received Import Request.
  Time since last request: 0.001391 seconds.
  path: Assets/UIAssets/particles/CoinSparkles.prefab
  artifactKey: Guid(c8b8c831db1e40d4ebe71a9e32a65f8a) Importer(815301076,1909f56bfc062723c751e8b465ee728b)
Start importing Assets/UIAssets/particles/CoinSparkles.prefab using Guid(c8b8c831db1e40d4ebe71a9e32a65f8a) Importer(815301076,1909f56bfc062723c751e8b465ee728b)  -> (artifact id: '99498377804c62c79910084d11da595b') in 0.003176 seconds
  Import took 0.004872 seconds .

