Using pre-set license
Built from '2020.2/release' branch; Version is '2020.2.2f1 (068178b99f32) revision 426360'; Using compiler version '192528614'; Build Type 'Release'
OS: 'Windows 10 Home; OS build 19042.985; Version 2009; 64bit' Language: 'en' Physical Memory: 16303 MB
BatchMode: 1, IsHumanControllingUs: 0, StartBugReporterOnCrash: 0, Is64bit: 1, IsPro: 0

 COMMAND LINE ARGUMENTS:
C:\Program Files\Unity\Hub\Editor\2020.2.2f1\Editor\Unity.exe
-adb2
-batchMode
-noUpm
-name
AssetImportWorker0
-projectPath
C:/Users/icek0/Documents/GitHub/Comp2007Repo/Comp2007Repo/2007 - CW Street Scene
-logFile
Logs/AssetImportWorker0.log
-srvPort
50125
Successfully changed project path to: C:/Users/icek0/Documents/GitHub/Comp2007Repo/Comp2007Repo/2007 - CW Street Scene
C:/Users/icek0/Documents/GitHub/Comp2007Repo/Comp2007Repo/2007 - CW Street Scene
Using Asset Import Pipeline V2.
Refreshing native plugins compatible for Editor in 18.19 ms, found 0 plugins.
Preloading 0 native plugins for Editor in 0.00 ms.
Initialize engine version: 2020.2.2f1 (068178b99f32)
[Subsystems] Discovering subsystems at path C:/Program Files/Unity/Hub/Editor/2020.2.2f1/Editor/Data/Resources/UnitySubsystems
[Subsystems] Discovering subsystems at path C:/Users/icek0/Documents/GitHub/Comp2007Repo/Comp2007Repo/2007 - CW Street Scene/Assets
GfxDevice: creating device client; threaded=0
Direct3D:
    Version:  Direct3D 11.0 [level 11.1]
    Renderer: NVIDIA GeForce RTX 3070 (ID=0x2484)
    Vendor:   
    VRAM:     8043 MB
    Driver:   27.21.14.6627
Initialize mono
Mono path[0] = 'C:/Program Files/Unity/Hub/Editor/2020.2.2f1/Editor/Data/Managed'
Mono path[1] = 'C:/Program Files/Unity/Hub/Editor/2020.2.2f1/Editor/Data/MonoBleedingEdge/lib/mono/unityjit'
Mono config path = 'C:/Program Files/Unity/Hub/Editor/2020.2.2f1/Editor/Data/MonoBleedingEdge/etc'
Using monoOptions --debugger-agent=transport=dt_socket,embedding=1,server=y,suspend=n,address=127.0.0.1:56584
Begin MonoManager ReloadAssembly
Registering precompiled unity dll's ...
Register platform support module: C:/Program Files/Unity/Hub/Editor/2020.2.2f1/Editor/Data/PlaybackEngines/WindowsStandaloneSupport/UnityEditor.WindowsStandalone.Extensions.dll
Registered in 0.001375 seconds.
Native extension for WindowsStandalone target not found
Refreshing native plugins compatible for Editor in 18.15 ms, found 0 plugins.
Preloading 0 native plugins for Editor in 0.00 ms.
Invoked RoslynAnalysisRunner static constructor.
RoslynAnalysisRunner will not be running.
RoslynAnalysisRunner has terminated.
Mono: successfully reloaded assembly
- Completed reload, in  0.792 seconds
Platform modules already initialized, skipping
Registering precompiled user dll's ...
Registered in 0.000490 seconds.
Begin MonoManager ReloadAssembly
Native extension for WindowsStandalone target not found
Refreshing native plugins compatible for Editor in 0.17 ms, found 0 plugins.
Preloading 0 native plugins for Editor in 0.00 ms.
Invoked RoslynAnalysisRunner static constructor.
RoslynAnalysisRunner will not be running.
RoslynAnalysisRunner has terminated.
Mono: successfully reloaded assembly
- Completed reload, in  0.616 seconds
Platform modules already initialized, skipping
========================================================================
Worker process is ready to serve import requests
Launched and connected shader compiler UnityShaderCompiler.exe after 0.03 seconds
Refreshing native plugins compatible for Editor in 0.19 ms, found 0 plugins.
Preloading 0 native plugins for Editor in 0.00 ms.
Unloading 1105 Unused Serialized files (Serialized files now loaded: 0)
System memory in use before: 69.6 MB.
System memory in use after: 69.7 MB.

Unloading 10 unused Assets to reduce memory usage. Loaded Objects now: 1565.
Total: 1.335600 ms (FindLiveObjects: 0.117000 ms CreateObjectMapping: 0.031200 ms MarkObjects: 1.121100 ms  DeleteObjects: 0.065500 ms)

========================================================================
Received Import Request.
  path: Assets/Models/StreetLamp
  artifactKey: Guid(71cdf245fd03f064f89f6035f3ddb521) Importer(815301076,1909f56bfc062723c751e8b465ee728b)
Start importing Assets/Models/StreetLamp using Guid(71cdf245fd03f064f89f6035f3ddb521) Importer(815301076,1909f56bfc062723c751e8b465ee728b)  -> (artifact id: '2cacee05d26213a1490827e7ea3f76b6') in 0.006820 seconds
  Import took 0.008762 seconds .

========================================================================
Received Import Request.
  Time since last request: 15.301060 seconds.
  path: Assets/Models/StreetLamp/StreetLamp.obj
  artifactKey: Guid(22ad1a3ee9c80344ca1f44d94f4df080) Importer(815301076,1909f56bfc062723c751e8b465ee728b)
Start importing Assets/Models/StreetLamp/StreetLamp.obj using Guid(22ad1a3ee9c80344ca1f44d94f4df080) Importer(815301076,1909f56bfc062723c751e8b465ee728b)  -> (artifact id: 'aa4ada2da9ef8803c8cdecfbecededf9') in 0.122062 seconds
  Import took 0.123639 seconds .

========================================================================
Received Import Request.
  Time since last request: 12.480488 seconds.
  path: Assets/Models/StreetLamp/StreetLamp.obj
  artifactKey: Guid(22ad1a3ee9c80344ca1f44d94f4df080) Importer(815301076,1909f56bfc062723c751e8b465ee728b)
Start importing Assets/Models/StreetLamp/StreetLamp.obj using Guid(22ad1a3ee9c80344ca1f44d94f4df080) Importer(815301076,1909f56bfc062723c751e8b465ee728b)  -> (artifact id: '846f36b89c755d54f2f2274792ea91ac') in 0.043653 seconds
  Import took 0.045293 seconds .

========================================================================
Received Import Request.
  Time since last request: 9.633240 seconds.
  path: Assets/Models/StreetLamp/streetLamp.png
  artifactKey: Guid(fa33306b34b67d549b997d4e44e77e05) Importer(815301076,1909f56bfc062723c751e8b465ee728b)
Start importing Assets/Models/StreetLamp/streetLamp.png using Guid(fa33306b34b67d549b997d4e44e77e05) Importer(815301076,1909f56bfc062723c751e8b465ee728b)  -> (artifact id: 'fdefe5b7d74904a857f208bcc1641c42') in 0.020297 seconds
  Import took 0.021915 seconds .

========================================================================
Received Import Request.
  Time since last request: 0.008131 seconds.
  path: Assets/Models/StreetLamp/streetLamp.png
  artifactKey: Guid(fa33306b34b67d549b997d4e44e77e05) Importer(815301076,1909f56bfc062723c751e8b465ee728b)
Start importing Assets/Models/StreetLamp/streetLamp.png using Guid(fa33306b34b67d549b997d4e44e77e05) Importer(815301076,1909f56bfc062723c751e8b465ee728b)  -> (artifact id: 'fdefe5b7d74904a857f208bcc1641c42') in 0.014607 seconds
  Import took 0.016353 seconds .

========================================================================
Received Import Request.
  Time since last request: 5.112904 seconds.
  path: Assets/Models/StreetLamp/streetLamp.png
  artifactKey: Guid(fa33306b34b67d549b997d4e44e77e05) Importer(815301076,1909f56bfc062723c751e8b465ee728b)
Start importing Assets/Models/StreetLamp/streetLamp.png using Guid(fa33306b34b67d549b997d4e44e77e05) Importer(815301076,1909f56bfc062723c751e8b465ee728b)  -> (artifact id: 'ace8538f5c8c19fe2de90e53b20a420a') in 0.005470 seconds
  Import took 0.007060 seconds .

========================================================================
Received Import Request.
  Time since last request: 260.959360 seconds.
  path: Assets/Objects/StreetLamp.prefab
  artifactKey: Guid(de0adf6bccbaae743a1208823511af97) Importer(815301076,1909f56bfc062723c751e8b465ee728b)
Start importing Assets/Objects/StreetLamp.prefab using Guid(de0adf6bccbaae743a1208823511af97) Importer(815301076,1909f56bfc062723c751e8b465ee728b)  -> (artifact id: 'bea847ba5cab2ccb5bd8d296631275aa') in 0.010289 seconds
  Import took 0.012311 seconds .

========================================================================
Received Import Request.
  Time since last request: 0.001192 seconds.
  path: Assets/Objects/StreetLamp.prefab
  artifactKey: Guid(de0adf6bccbaae743a1208823511af97) Importer(815301076,1909f56bfc062723c751e8b465ee728b)
Start importing Assets/Objects/StreetLamp.prefab using Guid(de0adf6bccbaae743a1208823511af97) Importer(815301076,1909f56bfc062723c751e8b465ee728b)  -> (artifact id: 'bea847ba5cab2ccb5bd8d296631275aa') in 0.009915 seconds
  Import took 0.012103 seconds .

========================================================================
Received Prepare
Registering precompiled user dll's ...
Registered in 0.000560 seconds.
Begin MonoManager ReloadAssembly
Native extension for WindowsStandalone target not found
Refreshing native plugins compatible for Editor in 0.20 ms, found 0 plugins.
Preloading 0 native plugins for Editor in 0.00 ms.
Invoked RoslynAnalysisRunner static constructor.
RoslynAnalysisRunner will not be running.
RoslynAnalysisRunner has terminated.
Mono: successfully reloaded assembly
- Completed reload, in  0.581 seconds
Platform modules already initialized, skipping
Refreshing native plugins compatible for Editor in 0.18 ms, found 0 plugins.
Preloading 0 native plugins for Editor in 0.00 ms.
Unloading 1100 Unused Serialized files (Serialized files now loaded: 0)
System memory in use before: 73.5 MB.
System memory in use after: 73.6 MB.

Unloading 5 unused Assets to reduce memory usage. Loaded Objects now: 1612.
Total: 1.254000 ms (FindLiveObjects: 0.114600 ms CreateObjectMapping: 0.027500 ms MarkObjects: 1.065000 ms  DeleteObjects: 0.046300 ms)

========================================================================
Received Prepare
Registering precompiled user dll's ...
Registered in 0.000431 seconds.
Begin MonoManager ReloadAssembly
Native extension for WindowsStandalone target not found
Refreshing native plugins compatible for Editor in 0.19 ms, found 0 plugins.
Preloading 0 native plugins for Editor in 0.00 ms.
Invoked RoslynAnalysisRunner static constructor.
RoslynAnalysisRunner will not be running.
RoslynAnalysisRunner has terminated.
Mono: successfully reloaded assembly
- Completed reload, in  0.581 seconds
Platform modules already initialized, skipping
Refreshing native plugins compatible for Editor in 0.17 ms, found 0 plugins.
Preloading 0 native plugins for Editor in 0.00 ms.
Unloading 1100 Unused Serialized files (Serialized files now loaded: 0)
System memory in use before: 73.7 MB.
System memory in use after: 73.8 MB.

Unloading 5 unused Assets to reduce memory usage. Loaded Objects now: 1614.
Total: 1.309100 ms (FindLiveObjects: 0.131600 ms CreateObjectMapping: 0.031900 ms MarkObjects: 1.100200 ms  DeleteObjects: 0.044400 ms)

========================================================================
Received Prepare
Registering precompiled user dll's ...
Registered in 0.000555 seconds.
Begin MonoManager ReloadAssembly
Native extension for WindowsStandalone target not found
Refreshing native plugins compatible for Editor in 0.18 ms, found 0 plugins.
Preloading 0 native plugins for Editor in 0.00 ms.
Invoked RoslynAnalysisRunner static constructor.
RoslynAnalysisRunner will not be running.
RoslynAnalysisRunner has terminated.
Mono: successfully reloaded assembly
- Completed reload, in  0.593 seconds
Platform modules already initialized, skipping
Refreshing native plugins compatible for Editor in 0.19 ms, found 0 plugins.
Preloading 0 native plugins for Editor in 0.00 ms.
Unloading 1100 Unused Serialized files (Serialized files now loaded: 0)
System memory in use before: 74.4 MB.
System memory in use after: 74.5 MB.

Unloading 5 unused Assets to reduce memory usage. Loaded Objects now: 1616.
Total: 1.263700 ms (FindLiveObjects: 0.123600 ms CreateObjectMapping: 0.030200 ms MarkObjects: 1.062000 ms  DeleteObjects: 0.047200 ms)

========================================================================
Received Prepare
Registering precompiled user dll's ...
Registered in 0.000495 seconds.
Begin MonoManager ReloadAssembly
Native extension for WindowsStandalone target not found
Refreshing native plugins compatible for Editor in 0.19 ms, found 0 plugins.
Preloading 0 native plugins for Editor in 0.00 ms.
Invoked RoslynAnalysisRunner static constructor.
RoslynAnalysisRunner will not be running.
RoslynAnalysisRunner has terminated.
Mono: successfully reloaded assembly
- Completed reload, in  0.576 seconds
Platform modules already initialized, skipping
Refreshing native plugins compatible for Editor in 0.18 ms, found 0 plugins.
Preloading 0 native plugins for Editor in 0.00 ms.
Unloading 1100 Unused Serialized files (Serialized files now loaded: 0)
System memory in use before: 74.7 MB.
System memory in use after: 74.8 MB.

Unloading 5 unused Assets to reduce memory usage. Loaded Objects now: 1618.
Total: 1.415800 ms (FindLiveObjects: 0.129900 ms CreateObjectMapping: 0.031800 ms MarkObjects: 1.194300 ms  DeleteObjects: 0.059000 ms)

========================================================================
Received Prepare
Registering precompiled user dll's ...
Registered in 0.000497 seconds.
Begin MonoManager ReloadAssembly
Native extension for WindowsStandalone target not found
Refreshing native plugins compatible for Editor in 0.18 ms, found 0 plugins.
Preloading 0 native plugins for Editor in 0.00 ms.
Invoked RoslynAnalysisRunner static constructor.
RoslynAnalysisRunner will not be running.
RoslynAnalysisRunner has terminated.
Mono: successfully reloaded assembly
- Completed reload, in  0.563 seconds
Platform modules already initialized, skipping
Refreshing native plugins compatible for Editor in 0.18 ms, found 0 plugins.
Preloading 0 native plugins for Editor in 0.00 ms.
Unloading 1100 Unused Serialized files (Serialized files now loaded: 0)
System memory in use before: 74.2 MB.
System memory in use after: 74.3 MB.

Unloading 5 unused Assets to reduce memory usage. Loaded Objects now: 1620.
Total: 1.264600 ms (FindLiveObjects: 0.114400 ms CreateObjectMapping: 0.030000 ms MarkObjects: 1.076500 ms  DeleteObjects: 0.042900 ms)

========================================================================
Received Prepare
Registering precompiled user dll's ...
Registered in 0.000489 seconds.
Begin MonoManager ReloadAssembly
Native extension for WindowsStandalone target not found
Refreshing native plugins compatible for Editor in 0.18 ms, found 0 plugins.
Preloading 0 native plugins for Editor in 0.00 ms.
Invoked RoslynAnalysisRunner static constructor.
RoslynAnalysisRunner will not be running.
RoslynAnalysisRunner has terminated.
Mono: successfully reloaded assembly
- Completed reload, in  0.593 seconds
Platform modules already initialized, skipping
Refreshing native plugins compatible for Editor in 0.17 ms, found 0 plugins.
Preloading 0 native plugins for Editor in 0.00 ms.
Unloading 1100 Unused Serialized files (Serialized files now loaded: 0)
System memory in use before: 74.7 MB.
System memory in use after: 74.7 MB.

Unloading 5 unused Assets to reduce memory usage. Loaded Objects now: 1622.
Total: 1.276300 ms (FindLiveObjects: 0.123100 ms CreateObjectMapping: 0.031600 ms MarkObjects: 1.075000 ms  DeleteObjects: 0.046000 ms)

========================================================================
Received Prepare
Registering precompiled user dll's ...
Registered in 0.000427 seconds.
Begin MonoManager ReloadAssembly
Native extension for WindowsStandalone target not found
Refreshing native plugins compatible for Editor in 0.18 ms, found 0 plugins.
Preloading 0 native plugins for Editor in 0.00 ms.
Invoked RoslynAnalysisRunner static constructor.
RoslynAnalysisRunner will not be running.
RoslynAnalysisRunner has terminated.
Mono: successfully reloaded assembly
- Completed reload, in  0.580 seconds
Platform modules already initialized, skipping
Refreshing native plugins compatible for Editor in 0.17 ms, found 0 plugins.
Preloading 0 native plugins for Editor in 0.00 ms.
Unloading 1100 Unused Serialized files (Serialized files now loaded: 0)
System memory in use before: 74.8 MB.
System memory in use after: 74.8 MB.

Unloading 5 unused Assets to reduce memory usage. Loaded Objects now: 1624.
Total: 1.294900 ms (FindLiveObjects: 0.125800 ms CreateObjectMapping: 0.029600 ms MarkObjects: 1.092600 ms  DeleteObjects: 0.046200 ms)

