Using pre-set license
Built from '2020.2/release' branch; Version is '2020.2.2f1 (068178b99f32) revision 426360'; Using compiler version '192528614'; Build Type 'Release'
OS: 'Windows 10 Home; OS build 19042.985; Version 2009; 64bit' Language: 'en' Physical Memory: 16303 MB
BatchMode: 1, IsHumanControllingUs: 0, StartBugReporterOnCrash: 0, Is64bit: 1, IsPro: 0

 COMMAND LINE ARGUMENTS:
C:\Program Files\Unity\Hub\Editor\2020.2.2f1\Editor\Unity.exe
-adb2
-batchMode
-noUpm
-name
AssetImportWorker1
-projectPath
C:/Users/icek0/Documents/GitHub/Comp2007Repo/Comp2007Repo/2007 - CW Street Scene
-logFile
Logs/AssetImportWorker1.log
-srvPort
55909
Successfully changed project path to: C:/Users/icek0/Documents/GitHub/Comp2007Repo/Comp2007Repo/2007 - CW Street Scene
C:/Users/icek0/Documents/GitHub/Comp2007Repo/Comp2007Repo/2007 - CW Street Scene
Using Asset Import Pipeline V2.
Refreshing native plugins compatible for Editor in 18.67 ms, found 0 plugins.
Preloading 0 native plugins for Editor in 0.00 ms.
Initialize engine version: 2020.2.2f1 (068178b99f32)
[Subsystems] Discovering subsystems at path C:/Program Files/Unity/Hub/Editor/2020.2.2f1/Editor/Data/Resources/UnitySubsystems
[Subsystems] Discovering subsystems at path C:/Users/icek0/Documents/GitHub/Comp2007Repo/Comp2007Repo/2007 - CW Street Scene/Assets
GfxDevice: creating device client; threaded=0
Direct3D:
    Version:  Direct3D 11.0 [level 11.1]
    Renderer: NVIDIA GeForce RTX 3070 (ID=0x2484)
    Vendor:   
    VRAM:     8043 MB
    Driver:   27.21.14.6627
Initialize mono
Mono path[0] = 'C:/Program Files/Unity/Hub/Editor/2020.2.2f1/Editor/Data/Managed'
Mono path[1] = 'C:/Program Files/Unity/Hub/Editor/2020.2.2f1/Editor/Data/MonoBleedingEdge/lib/mono/unityjit'
Mono config path = 'C:/Program Files/Unity/Hub/Editor/2020.2.2f1/Editor/Data/MonoBleedingEdge/etc'
Using monoOptions --debugger-agent=transport=dt_socket,embedding=1,server=y,suspend=n,address=127.0.0.1:56168
Begin MonoManager ReloadAssembly
Registering precompiled unity dll's ...
Register platform support module: C:/Program Files/Unity/Hub/Editor/2020.2.2f1/Editor/Data/PlaybackEngines/WindowsStandaloneSupport/UnityEditor.WindowsStandalone.Extensions.dll
Registered in 0.001406 seconds.
Native extension for WindowsStandalone target not found
Refreshing native plugins compatible for Editor in 18.94 ms, found 0 plugins.
Preloading 0 native plugins for Editor in 0.00 ms.
Invoked RoslynAnalysisRunner static constructor.
RoslynAnalysisRunner will not be running.
RoslynAnalysisRunner has terminated.
Mono: successfully reloaded assembly
- Completed reload, in  1.117 seconds
Platform modules already initialized, skipping
Registering precompiled user dll's ...
Registered in 0.000733 seconds.
Begin MonoManager ReloadAssembly
Native extension for WindowsStandalone target not found
Refreshing native plugins compatible for Editor in 0.18 ms, found 0 plugins.
Preloading 0 native plugins for Editor in 0.00 ms.
Invoked RoslynAnalysisRunner static constructor.
RoslynAnalysisRunner will not be running.
RoslynAnalysisRunner has terminated.
Mono: successfully reloaded assembly
- Completed reload, in  0.662 seconds
Platform modules already initialized, skipping
========================================================================
Worker process is ready to serve import requests
Launched and connected shader compiler UnityShaderCompiler.exe after 0.03 seconds
Refreshing native plugins compatible for Editor in 0.19 ms, found 0 plugins.
Preloading 0 native plugins for Editor in 0.00 ms.
Unloading 1105 Unused Serialized files (Serialized files now loaded: 0)
System memory in use before: 57.7 MB.
System memory in use after: 57.8 MB.

Unloading 10 unused Assets to reduce memory usage. Loaded Objects now: 1548.
Total: 1.297900 ms (FindLiveObjects: 0.123200 ms CreateObjectMapping: 0.035900 ms MarkObjects: 1.079900 ms  DeleteObjects: 0.058100 ms)

========================================================================
Received Import Request.
  path: Assets/Models/CarBody/TaxiBase.png
  artifactKey: Guid(5f51631b8ecfd694895eb0a3fa36eb42) Importer(815301076,1909f56bfc062723c751e8b465ee728b)
Start importing Assets/Models/CarBody/TaxiBase.png using Guid(5f51631b8ecfd694895eb0a3fa36eb42) Importer(815301076,1909f56bfc062723c751e8b465ee728b)  -> (artifact id: 'fc2f8e354522d8e924cb74ed16217f53') in 0.092609 seconds
  Import took 0.094657 seconds .

========================================================================
Received Import Request.
  Time since last request: 8.904229 seconds.
  path: Assets/Models/CarBody/TaxiBase.png
  artifactKey: Guid(5f51631b8ecfd694895eb0a3fa36eb42) Importer(815301076,1909f56bfc062723c751e8b465ee728b)
Start importing Assets/Models/CarBody/TaxiBase.png using Guid(5f51631b8ecfd694895eb0a3fa36eb42) Importer(815301076,1909f56bfc062723c751e8b465ee728b)  -> (artifact id: '071c7082a5a41e89189aaeec5403fcfd') in 0.004225 seconds
  Import took 0.005789 seconds .

========================================================================
Received Import Request.
  Time since last request: 4.149451 seconds.
  path: Assets/Models/CarBody/TaxiBase.png
  artifactKey: Guid(5f51631b8ecfd694895eb0a3fa36eb42) Importer(815301076,1909f56bfc062723c751e8b465ee728b)
Start importing Assets/Models/CarBody/TaxiBase.png using Guid(5f51631b8ecfd694895eb0a3fa36eb42) Importer(815301076,1909f56bfc062723c751e8b465ee728b)  -> (artifact id: 'd59a7a96ffc50390d51ac2aaa5f5faf3') in 0.020050 seconds
  Import took 0.021603 seconds .

========================================================================
Received Import Request.
  Time since last request: 11.833235 seconds.
  path: Assets/Models/CarBody/TaxiBase.png
  artifactKey: Guid(5f51631b8ecfd694895eb0a3fa36eb42) Importer(815301076,1909f56bfc062723c751e8b465ee728b)
Start importing Assets/Models/CarBody/TaxiBase.png using Guid(5f51631b8ecfd694895eb0a3fa36eb42) Importer(815301076,1909f56bfc062723c751e8b465ee728b)  -> (artifact id: '81a3f7be968bf969b8bc1bacf9645f48') in 0.009063 seconds
  Import took 0.010750 seconds .

========================================================================
Received Prepare
Registering precompiled user dll's ...
Registered in 0.000414 seconds.
Begin MonoManager ReloadAssembly
Native extension for WindowsStandalone target not found
Refreshing native plugins compatible for Editor in 0.18 ms, found 0 plugins.
Preloading 0 native plugins for Editor in 0.00 ms.
Invoked RoslynAnalysisRunner static constructor.
RoslynAnalysisRunner will not be running.
RoslynAnalysisRunner has terminated.
Mono: successfully reloaded assembly
- Completed reload, in  0.570 seconds
Platform modules already initialized, skipping
Refreshing native plugins compatible for Editor in 0.17 ms, found 0 plugins.
Preloading 0 native plugins for Editor in 0.00 ms.
Unloading 1100 Unused Serialized files (Serialized files now loaded: 0)
System memory in use before: 61.0 MB.
System memory in use after: 61.1 MB.

Unloading 5 unused Assets to reduce memory usage. Loaded Objects now: 1556.
Total: 1.178200 ms (FindLiveObjects: 0.117300 ms CreateObjectMapping: 0.027800 ms MarkObjects: 0.995800 ms  DeleteObjects: 0.036100 ms)

AssetImportWorkerClient::OnTransportError - code=2 error=End of file
